16:11:34,263 (main) DEBUG [DataNucleus.General] - Using PluginRegistry org.datanucleus.plugin.NonManagedPluginRegistry
16:11:34,278 (main) DEBUG [DataNucleus.General] - Registering bundle org.eclipse.sisu.inject version 0.3.4 at URL file:/C:/Users/erlan/.m2/repository/org/eclipse/sisu/org.eclipse.sisu.inject/0.3.4/org.eclipse.sisu.inject-0.3.4.jar.
16:11:34,290 (main) DEBUG [DataNucleus.General] - Leyendo extension-points y extensiones del archivo de plug-in jar:file:/C:/Users/erlan/.m2/repository/org/eclipse/sisu/org.eclipse.sisu.inject/0.3.4/org.eclipse.sisu.inject-0.3.4.jar!/plugin.xml.
16:11:34,292 (main) DEBUG [DataNucleus.General] - Registering bundle org.datanucleus version 6.0.7 at URL file:/C:/Users/erlan/.m2/repository/org/datanucleus/datanucleus-core/6.0.7/datanucleus-core-6.0.7.jar.
16:11:34,304 (main) DEBUG [DataNucleus.General] - Leyendo extension-points y extensiones del archivo de plug-in jar:file:/C:/Users/erlan/.m2/repository/org/datanucleus/datanucleus-core/6.0.7/datanucleus-core-6.0.7.jar!/plugin.xml.
16:11:34,309 (main) DEBUG [DataNucleus.General] - Registering bundle org.datanucleus.api.jdo version 6.0.2 at URL file:/C:/Users/erlan/.m2/repository/org/datanucleus/datanucleus-api-jdo/6.0.2/datanucleus-api-jdo-6.0.2.jar.
16:11:34,312 (main) DEBUG [DataNucleus.General] - Leyendo extension-points y extensiones del archivo de plug-in jar:file:/C:/Users/erlan/.m2/repository/org/datanucleus/datanucleus-api-jdo/6.0.2/datanucleus-api-jdo-6.0.2.jar!/plugin.xml.
16:11:34,314 (main) DEBUG [DataNucleus.General] - Registering bundle org.datanucleus.store.rdbms version 6.0.7 at URL file:/C:/Users/erlan/.m2/repository/org/datanucleus/datanucleus-rdbms/6.0.7/datanucleus-rdbms-6.0.7.jar.
16:11:34,315 (main) DEBUG [DataNucleus.General] - Leyendo extension-points y extensiones del archivo de plug-in jar:file:/C:/Users/erlan/.m2/repository/org/datanucleus/datanucleus-rdbms/6.0.7/datanucleus-rdbms-6.0.7.jar!/plugin.xml.
16:11:34,338 (main) DEBUG [DataNucleus.Persistence] - Tipos de Java inicializando ...
16:11:34,355 (main) DEBUG [DataNucleus.Persistence] - Soporte para tipos de Java listo : tipos soportados = [B, [C, [D, [F, [I, [J, [Ljava.lang.Boolean;, [Ljava.lang.Byte;, [Ljava.lang.Character;, [Ljava.lang.Double;, [Ljava.lang.Enum;, [Ljava.lang.Float;, [Ljava.lang.Integer;, [Ljava.lang.Long;, [Ljava.lang.Number;, [Ljava.lang.Object;, [Ljava.lang.Short;, [Ljava.lang.String;, [Ljava.math.BigDecimal;, [Ljava.math.BigInteger;, [Ljava.util.Date;, [Ljava.util.Locale;, [S, [Z, boolean, byte, char, double, float, int, java.awt.Color, java.awt.image.BufferedImage, java.lang.Boolean, java.lang.Byte, java.lang.Character, java.lang.Class, java.lang.Double, java.lang.Enum, java.lang.Float, java.lang.Integer, java.lang.Long, java.lang.Number, java.lang.Short, java.lang.String, java.lang.StringBuffer, java.lang.StringBuilder, java.math.BigDecimal, java.math.BigInteger, java.net.URI, java.net.URL, java.sql.Date, java.sql.Time, java.sql.Timestamp, java.time.Duration, java.time.Instant, java.time.LocalDate, java.time.LocalDateTime, java.time.LocalTime, java.time.MonthDay, java.time.OffsetDateTime, java.time.OffsetTime, java.time.Period, java.time.Year, java.time.YearMonth, java.time.ZonedDateTime, java.time.ZoneId, java.time.ZoneOffset, java.util.ArrayList, java.util.Arrays$ArrayList, java.util.BitSet, java.util.Calendar, java.util.Collection, java.util.Currency, java.util.Date, java.util.GregorianCalendar, java.util.HashMap, java.util.HashSet, java.util.Hashtable, java.util.LinkedHashMap, java.util.LinkedHashSet, java.util.LinkedList, java.util.List, java.util.Locale, java.util.Map, java.util.Optional, java.util.PriorityQueue, java.util.Properties, java.util.Queue, java.util.Set, java.util.SortedMap, java.util.SortedSet, java.util.Stack, java.util.TimeZone, java.util.TreeMap, java.util.TreeSet, java.util.UUID, java.util.Vector, long, short
16:11:34,355 (main) DEBUG [DataNucleus.Persistence] - Inicializando TypeConverters ...
16:11:34,367 (main) DEBUG [DataNucleus.Persistence] - TypeConverters listo
16:11:34,368 (main) DEBUG [DataNucleus.Persistence] - TypeConverter(s) available for byte[] to : java.nio.ByteBuffer
16:11:34,368 (main) DEBUG [DataNucleus.Persistence] - TypeConverter(s) available for char[] to : java.nio.ByteBuffer
16:11:34,368 (main) DEBUG [DataNucleus.Persistence] - TypeConverter(s) available for double[] to : java.nio.ByteBuffer
16:11:34,368 (main) DEBUG [DataNucleus.Persistence] - TypeConverter(s) available for float[] to : java.nio.ByteBuffer
16:11:34,368 (main) DEBUG [DataNucleus.Persistence] - TypeConverter(s) available for int[] to : java.nio.ByteBuffer
16:11:34,368 (main) DEBUG [DataNucleus.Persistence] - TypeConverter(s) available for long[] to : java.nio.ByteBuffer
16:11:34,368 (main) DEBUG [DataNucleus.Persistence] - TypeConverter(s) available for [Ljava.math.BigDecimal; to : java.nio.ByteBuffer
16:11:34,368 (main) DEBUG [DataNucleus.Persistence] - TypeConverter(s) available for [Ljava.math.BigInteger; to : java.nio.ByteBuffer
16:11:34,368 (main) DEBUG [DataNucleus.Persistence] - TypeConverter(s) available for short[] to : java.nio.ByteBuffer
16:11:34,368 (main) DEBUG [DataNucleus.Persistence] - TypeConverter(s) available for boolean[] to : java.nio.ByteBuffer
16:11:34,368 (main) DEBUG [DataNucleus.Persistence] - TypeConverter(s) available for java.awt.Color to : java.lang.String,int[]
16:11:34,368 (main) DEBUG [DataNucleus.Persistence] - TypeConverter(s) available for java.awt.image.BufferedImage to : byte[],java.nio.ByteBuffer
16:11:34,368 (main) DEBUG [DataNucleus.Persistence] - TypeConverter(s) available for java.io.Serializable to : java.lang.String,byte[],java.nio.ByteBuffer
16:11:34,368 (main) DEBUG [DataNucleus.Persistence] - TypeConverter(s) available for java.lang.Boolean to : java.lang.Character,java.lang.Integer
16:11:34,368 (main) DEBUG [DataNucleus.Persistence] - TypeConverter(s) available for java.lang.Character to : java.lang.String
16:11:34,368 (main) DEBUG [DataNucleus.Persistence] - TypeConverter(s) available for java.lang.Class to : java.lang.String
16:11:34,368 (main) DEBUG [DataNucleus.Persistence] - TypeConverter(s) available for java.lang.Integer to : java.lang.String
16:11:34,368 (main) DEBUG [DataNucleus.Persistence] - TypeConverter(s) available for java.lang.Long to : java.lang.String
16:11:34,368 (main) DEBUG [DataNucleus.Persistence] - TypeConverter(s) available for java.lang.StringBuffer to : java.lang.String
16:11:34,368 (main) DEBUG [DataNucleus.Persistence] - TypeConverter(s) available for java.lang.StringBuilder to : java.lang.String
16:11:34,369 (main) DEBUG [DataNucleus.Persistence] - TypeConverter(s) available for java.math.BigDecimal to : java.lang.String,java.lang.Double
16:11:34,369 (main) DEBUG [DataNucleus.Persistence] - TypeConverter(s) available for java.math.BigInteger to : java.lang.Long,java.lang.String
16:11:34,369 (main) DEBUG [DataNucleus.Persistence] - TypeConverter(s) available for java.net.URI to : java.lang.String
16:11:34,369 (main) DEBUG [DataNucleus.Persistence] - TypeConverter(s) available for java.net.URL to : java.lang.String
16:11:34,369 (main) DEBUG [DataNucleus.Persistence] - TypeConverter(s) available for java.sql.Date to : java.lang.Long,java.util.Date,java.lang.String
16:11:34,369 (main) DEBUG [DataNucleus.Persistence] - TypeConverter(s) available for java.sql.Time to : java.lang.Long,java.util.Date,java.lang.String
16:11:34,369 (main) DEBUG [DataNucleus.Persistence] - TypeConverter(s) available for java.sql.Timestamp to : java.lang.Long,java.util.Date,java.lang.String
16:11:34,369 (main) DEBUG [DataNucleus.Persistence] - TypeConverter(s) available for java.time.Duration to : java.lang.Long,java.lang.String,java.lang.Double
16:11:34,369 (main) DEBUG [DataNucleus.Persistence] - TypeConverter(s) available for java.time.Instant to : java.util.Date,java.lang.Long,java.lang.String,java.sql.Timestamp
16:11:34,369 (main) DEBUG [DataNucleus.Persistence] - TypeConverter(s) available for java.time.LocalDate to : java.util.Date,java.sql.Date,java.lang.String
16:11:34,369 (main) DEBUG [DataNucleus.Persistence] - TypeConverter(s) available for java.time.LocalDateTime to : java.util.Date,java.lang.String,java.sql.Timestamp
16:11:34,369 (main) DEBUG [DataNucleus.Persistence] - TypeConverter(s) available for java.time.LocalTime to : java.util.Date,java.lang.Long,java.lang.String,java.sql.Time
16:11:34,369 (main) DEBUG [DataNucleus.Persistence] - TypeConverter(s) available for java.time.MonthDay to : java.util.Date,java.sql.Date,java.lang.String,int[]
16:11:34,369 (main) DEBUG [DataNucleus.Persistence] - TypeConverter(s) available for java.time.OffsetDateTime to : java.util.Date,java.lang.String,java.sql.Timestamp
16:11:34,369 (main) DEBUG [DataNucleus.Persistence] - TypeConverter(s) available for java.time.OffsetTime to : java.lang.Long,java.lang.String,java.sql.Time
16:11:34,369 (main) DEBUG [DataNucleus.Persistence] - TypeConverter(s) available for java.time.Period to : java.lang.String,int[]
16:11:34,369 (main) DEBUG [DataNucleus.Persistence] - TypeConverter(s) available for java.time.Year to : java.lang.String,java.lang.Integer
16:11:34,369 (main) DEBUG [DataNucleus.Persistence] - TypeConverter(s) available for java.time.YearMonth to : java.util.Date,java.sql.Date,java.lang.String,int[]
16:11:34,369 (main) DEBUG [DataNucleus.Persistence] - TypeConverter(s) available for java.time.ZonedDateTime to : java.lang.String,java.sql.Timestamp
16:11:34,369 (main) DEBUG [DataNucleus.Persistence] - TypeConverter(s) available for java.time.ZoneId to : java.lang.String
16:11:34,369 (main) DEBUG [DataNucleus.Persistence] - TypeConverter(s) available for java.time.ZoneOffset to : java.lang.String
16:11:34,369 (main) DEBUG [DataNucleus.Persistence] - TypeConverter(s) available for java.util.BitSet to : java.lang.String
16:11:34,369 (main) DEBUG [DataNucleus.Persistence] - TypeConverter(s) available for java.util.Calendar to : java.util.Date,[Ljava.lang.Object;,java.lang.String,java.sql.Timestamp
16:11:34,369 (main) DEBUG [DataNucleus.Persistence] - TypeConverter(s) available for java.util.Currency to : java.lang.String
16:11:34,369 (main) DEBUG [DataNucleus.Persistence] - TypeConverter(s) available for java.util.Date to : java.lang.Long,java.lang.String
16:11:34,369 (main) DEBUG [DataNucleus.Persistence] - TypeConverter(s) available for java.util.Locale to : java.lang.String
16:11:34,369 (main) DEBUG [DataNucleus.Persistence] - TypeConverter(s) available for java.util.TimeZone to : java.lang.String
16:11:34,369 (main) DEBUG [DataNucleus.Persistence] - TypeConverter(s) available for java.util.UUID to : java.lang.String
16:11:34,375 (main) DEBUG [DataNucleus.MetaData] - MetaDataManager : Input=(XML,Annotations), XML-Validation=false, XML-Suffices=(persistence=*.jdo, orm=orm, query=*.jdoquery), JDO-listener=false
16:11:34,375 (main) INFO  [DataNucleus.Enhancer] - DataNucleus Enhancer (versión 6.0.7) para el API "JDO" utilizando el JRE "{2}"
16:11:34,375 (main) DEBUG [DataNucleus.Enhancer] - DataNucleus Enhancer : Classpath
16:11:34,375 (main) DEBUG [DataNucleus.Enhancer] - >>  C:\Users\erlan\.m2\repository\org\datanucleus\datanucleus-maven-plugin\6.0.0-release\datanucleus-maven-plugin-6.0.0-release.jar
16:11:34,375 (main) DEBUG [DataNucleus.Enhancer] - >>  C:\Users\erlan\.m2\repository\org\codehaus\plexus\plexus-utils\3.3.0\plexus-utils-3.3.0.jar
16:11:34,375 (main) DEBUG [DataNucleus.Enhancer] - >>  C:\Users\erlan\.m2\repository\org\apache\maven\maven-artifact\3.8.1\maven-artifact-3.8.1.jar
16:11:34,375 (main) DEBUG [DataNucleus.Enhancer] - >>  C:\Users\erlan\.m2\repository\org\apache\commons\commons-lang3\3.8.1\commons-lang3-3.8.1.jar
16:11:34,375 (main) DEBUG [DataNucleus.Enhancer] - >>  C:\Users\erlan\.m2\repository\org\apache\maven\maven-plugin-api\3.8.1\maven-plugin-api-3.8.1.jar
16:11:34,375 (main) DEBUG [DataNucleus.Enhancer] - >>  C:\Users\erlan\.m2\repository\org\apache\maven\maven-model\3.8.1\maven-model-3.8.1.jar
16:11:34,375 (main) DEBUG [DataNucleus.Enhancer] - >>  C:\Users\erlan\.m2\repository\org\eclipse\sisu\org.eclipse.sisu.plexus\0.3.4\org.eclipse.sisu.plexus-0.3.4.jar
16:11:34,375 (main) DEBUG [DataNucleus.Enhancer] - >>  C:\Users\erlan\.m2\repository\javax\enterprise\cdi-api\1.0\cdi-api-1.0.jar
16:11:34,375 (main) DEBUG [DataNucleus.Enhancer] - >>  C:\Users\erlan\.m2\repository\javax\annotation\jsr250-api\1.0\jsr250-api-1.0.jar
16:11:34,376 (main) DEBUG [DataNucleus.Enhancer] - >>  C:\Users\erlan\.m2\repository\javax\inject\javax.inject\1\javax.inject-1.jar
16:11:34,376 (main) DEBUG [DataNucleus.Enhancer] - >>  C:\Users\erlan\.m2\repository\org\eclipse\sisu\org.eclipse.sisu.inject\0.3.4\org.eclipse.sisu.inject-0.3.4.jar
16:11:34,376 (main) DEBUG [DataNucleus.Enhancer] - >>  C:\Users\erlan\.m2\repository\org\codehaus\plexus\plexus-component-annotations\1.5.5\plexus-component-annotations-1.5.5.jar
16:11:34,376 (main) DEBUG [DataNucleus.Enhancer] - >>  C:\Users\erlan\.m2\repository\org\codehaus\plexus\plexus-classworlds\2.6.0\plexus-classworlds-2.6.0.jar
16:11:34,376 (main) DEBUG [DataNucleus.Enhancer] - >>  C:\Users\erlan\.m2\repository\org\codehaus\plexus\plexus-container-default\2.1.0\plexus-container-default-2.1.0.jar
16:11:34,376 (main) DEBUG [DataNucleus.Enhancer] - >>  C:\Users\erlan\.m2\repository\org\apache\xbean\xbean-reflect\3.7\xbean-reflect-3.7.jar
16:11:34,376 (main) DEBUG [DataNucleus.Enhancer] - >>  C:\Users\erlan\.m2\repository\com\google\collections\google-collections\1.0\google-collections-1.0.jar
16:11:34,376 (main) DEBUG [DataNucleus.Enhancer] - >>  C:\Users\erlan\Desktop\aeropuertog3\target\classes
16:11:34,376 (main) DEBUG [DataNucleus.Enhancer] - >>  C:\Users\erlan\.m2\repository\org\datanucleus\javax.jdo\3.2.1\javax.jdo-3.2.1.jar
16:11:34,376 (main) DEBUG [DataNucleus.Enhancer] - >>  C:\Users\erlan\.m2\repository\javax\transaction\javax.transaction-api\1.3\javax.transaction-api-1.3.jar
16:11:34,376 (main) DEBUG [DataNucleus.Enhancer] - >>  C:\Users\erlan\.m2\repository\org\glassfish\corba\glassfish-corba-omgapi\4.2.2\glassfish-corba-omgapi-4.2.2.jar
16:11:34,376 (main) DEBUG [DataNucleus.Enhancer] - >>  C:\Users\erlan\.m2\repository\org\datanucleus\datanucleus-core\6.0.7\datanucleus-core-6.0.7.jar
16:11:34,376 (main) DEBUG [DataNucleus.Enhancer] - >>  C:\Users\erlan\.m2\repository\org\datanucleus\datanucleus-api-jdo\6.0.2\datanucleus-api-jdo-6.0.2.jar
16:11:34,377 (main) DEBUG [DataNucleus.Enhancer] - >>  C:\Users\erlan\.m2\repository\org\datanucleus\datanucleus-rdbms\6.0.7\datanucleus-rdbms-6.0.7.jar
16:11:34,377 (main) DEBUG [DataNucleus.Enhancer] - >>  C:\Users\erlan\.m2\repository\mysql\mysql-connector-java\8.0.29\mysql-connector-java-8.0.29.jar
16:11:34,377 (main) DEBUG [DataNucleus.Enhancer] - >>  C:\Users\erlan\.m2\repository\com\google\protobuf\protobuf-java\3.19.4\protobuf-java-3.19.4.jar
16:11:34,377 (main) DEBUG [DataNucleus.Enhancer] - >>  C:\Users\erlan\.m2\repository\org\apache\logging\log4j\log4j-api\2.23.1\log4j-api-2.23.1.jar
16:11:34,377 (main) DEBUG [DataNucleus.Enhancer] - >>  C:\Users\erlan\.m2\repository\org\apache\logging\log4j\log4j-core\2.23.1\log4j-core-2.23.1.jar
16:11:34,377 (main) DEBUG [DataNucleus.Enhancer] - >>  C:\Users\erlan\.m2\repository\org\glassfish\jersey\containers\jersey-container-servlet-core\2.35\jersey-container-servlet-core-2.35.jar
16:11:34,377 (main) DEBUG [DataNucleus.Enhancer] - >>  C:\Users\erlan\.m2\repository\org\glassfish\hk2\external\jakarta.inject\2.6.1\jakarta.inject-2.6.1.jar
16:11:34,377 (main) DEBUG [DataNucleus.Enhancer] - >>  C:\Users\erlan\.m2\repository\org\glassfish\jersey\core\jersey-common\2.35\jersey-common-2.35.jar
16:11:34,377 (main) DEBUG [DataNucleus.Enhancer] - >>  C:\Users\erlan\.m2\repository\jakarta\annotation\jakarta.annotation-api\1.3.5\jakarta.annotation-api-1.3.5.jar
16:11:34,377 (main) DEBUG [DataNucleus.Enhancer] - >>  C:\Users\erlan\.m2\repository\org\glassfish\hk2\osgi-resource-locator\1.0.3\osgi-resource-locator-1.0.3.jar
16:11:34,377 (main) DEBUG [DataNucleus.Enhancer] - >>  C:\Users\erlan\.m2\repository\org\glassfish\jersey\core\jersey-server\2.35\jersey-server-2.35.jar
16:11:34,377 (main) DEBUG [DataNucleus.Enhancer] - >>  C:\Users\erlan\.m2\repository\org\glassfish\jersey\core\jersey-client\2.35\jersey-client-2.35.jar
16:11:34,377 (main) DEBUG [DataNucleus.Enhancer] - >>  C:\Users\erlan\.m2\repository\jakarta\validation\jakarta.validation-api\2.0.2\jakarta.validation-api-2.0.2.jar
16:11:34,377 (main) DEBUG [DataNucleus.Enhancer] - >>  C:\Users\erlan\.m2\repository\jakarta\ws\rs\jakarta.ws.rs-api\2.1.6\jakarta.ws.rs-api-2.1.6.jar
16:11:34,377 (main) DEBUG [DataNucleus.Enhancer] - >>  C:\Users\erlan\.m2\repository\org\glassfish\jersey\inject\jersey-hk2\2.35\jersey-hk2-2.35.jar
16:11:34,377 (main) DEBUG [DataNucleus.Enhancer] - >>  C:\Users\erlan\.m2\repository\org\glassfish\hk2\hk2-locator\2.6.1\hk2-locator-2.6.1.jar
16:11:34,377 (main) DEBUG [DataNucleus.Enhancer] - >>  C:\Users\erlan\.m2\repository\org\glassfish\hk2\external\aopalliance-repackaged\2.6.1\aopalliance-repackaged-2.6.1.jar
16:11:34,377 (main) DEBUG [DataNucleus.Enhancer] - >>  C:\Users\erlan\.m2\repository\org\glassfish\hk2\hk2-api\2.6.1\hk2-api-2.6.1.jar
16:11:34,377 (main) DEBUG [DataNucleus.Enhancer] - >>  C:\Users\erlan\.m2\repository\org\glassfish\hk2\hk2-utils\2.6.1\hk2-utils-2.6.1.jar
16:11:34,377 (main) DEBUG [DataNucleus.Enhancer] - >>  C:\Users\erlan\.m2\repository\org\javassist\javassist\3.25.0-GA\javassist-3.25.0-GA.jar
16:11:34,377 (main) DEBUG [DataNucleus.Enhancer] - >>  C:\Users\erlan\.m2\repository\org\glassfish\jersey\media\jersey-media-json-jackson\2.35\jersey-media-json-jackson-2.35.jar
16:11:34,377 (main) DEBUG [DataNucleus.Enhancer] - >>  C:\Users\erlan\.m2\repository\org\glassfish\jersey\ext\jersey-entity-filtering\2.35\jersey-entity-filtering-2.35.jar
16:11:34,377 (main) DEBUG [DataNucleus.Enhancer] - >>  C:\Users\erlan\.m2\repository\com\fasterxml\jackson\core\jackson-annotations\2.12.2\jackson-annotations-2.12.2.jar
16:11:34,377 (main) DEBUG [DataNucleus.Enhancer] - >>  C:\Users\erlan\.m2\repository\com\fasterxml\jackson\core\jackson-databind\2.12.2\jackson-databind-2.12.2.jar
16:11:34,377 (main) DEBUG [DataNucleus.Enhancer] - >>  C:\Users\erlan\.m2\repository\com\fasterxml\jackson\core\jackson-core\2.12.2\jackson-core-2.12.2.jar
16:11:34,378 (main) DEBUG [DataNucleus.Enhancer] - >>  C:\Users\erlan\.m2\repository\com\fasterxml\jackson\module\jackson-module-jaxb-annotations\2.12.2\jackson-module-jaxb-annotations-2.12.2.jar
16:11:34,378 (main) DEBUG [DataNucleus.Enhancer] - >>  C:\Users\erlan\.m2\repository\jakarta\xml\bind\jakarta.xml.bind-api\2.3.2\jakarta.xml.bind-api-2.3.2.jar
16:11:34,378 (main) DEBUG [DataNucleus.Enhancer] - >>  C:\Users\erlan\.m2\repository\jakarta\activation\jakarta.activation-api\1.2.1\jakarta.activation-api-1.2.1.jar
16:11:34,378 (main) DEBUG [DataNucleus.Enhancer] - Reading fileListFile: C:\Users\erlan\AppData\Local\Temp\enhancer-11790842931280409676.flf
16:11:34,379 (main) DEBUG [DataNucleus.Enhancer] - Enhancing classes
16:11:34,383 (main) DEBUG [DataNucleus.MetaData] - MetaData Management : Carga de Metadata de las clases "[es.deusto.spq.client.ExampleClient, es.deusto.spq.pojo.DirectMessage, es.deusto.spq.pojo.MessageData, es.deusto.spq.pojo.UserData, es.deusto.spq.server.jdo.Message, es.deusto.spq.server.jdo.User, es.deusto.spq.server.Resource]" ...
16:11:34,386 (main) DEBUG [DataNucleus.MetaData] - No encontramos el MetaData del tipo "jdo" por la clase "es.deusto.spq.client.ExampleClient" en /META-INF/package.jdo
16:11:34,386 (main) DEBUG [DataNucleus.MetaData] - No encontramos el MetaData del tipo "jdo" por la clase "es.deusto.spq.client.ExampleClient" en /WEB-INF/package.jdo
16:11:34,386 (main) DEBUG [DataNucleus.MetaData] - No encontramos el MetaData del tipo "jdo" por la clase "es.deusto.spq.client.ExampleClient" en /package.jdo
16:11:34,386 (main) DEBUG [DataNucleus.MetaData] - No encontramos el MetaData del tipo "jdo" por la clase "es.deusto.spq.client.ExampleClient" en /es/package.jdo
16:11:34,386 (main) DEBUG [DataNucleus.MetaData] - No encontramos el MetaData del tipo "jdo" por la clase "es.deusto.spq.client.ExampleClient" en /es/deusto/package.jdo
16:11:34,386 (main) DEBUG [DataNucleus.MetaData] - No encontramos el MetaData del tipo "jdo" por la clase "es.deusto.spq.client.ExampleClient" en /es/deusto/spq/package.jdo
16:11:34,387 (main) DEBUG [DataNucleus.MetaData] - No encontramos el MetaData del tipo "jdo" por la clase "es.deusto.spq.client.ExampleClient" en /es/deusto/spq/client/package.jdo
16:11:34,387 (main) DEBUG [DataNucleus.MetaData] - No encontramos el MetaData del tipo "jdo" por la clase "es.deusto.spq.client.ExampleClient" en /es/deusto/spq/client/ExampleClient.jdo
16:11:34,387 (main) DEBUG [DataNucleus.MetaData] - No hemos encontrado el MetaData del tipo "jdo" por la clase "es.deusto.spq.client.ExampleClient"
16:11:34,387 (main) DEBUG [DataNucleus.MetaData] - Registrando la clase "es.deusto.spq.client.ExampleClient" no tener Meta-Data
16:11:34,387 (main) DEBUG [DataNucleus.MetaData] - La clase "es.deusto.spq.client.ExampleClient" no tiene MetaData o annotaciones.
16:11:34,388 (main) DEBUG [DataNucleus.MetaData] - No encontramos el MetaData del tipo "jdo" por la clase "es.deusto.spq.pojo.DirectMessage" en /META-INF/package.jdo
16:11:34,388 (main) DEBUG [DataNucleus.MetaData] - No encontramos el MetaData del tipo "jdo" por la clase "es.deusto.spq.pojo.DirectMessage" en /WEB-INF/package.jdo
16:11:34,388 (main) DEBUG [DataNucleus.MetaData] - No encontramos el MetaData del tipo "jdo" por la clase "es.deusto.spq.pojo.DirectMessage" en /package.jdo
16:11:34,388 (main) DEBUG [DataNucleus.MetaData] - No encontramos el MetaData del tipo "jdo" por la clase "es.deusto.spq.pojo.DirectMessage" en /es/package.jdo
16:11:34,389 (main) DEBUG [DataNucleus.MetaData] - No encontramos el MetaData del tipo "jdo" por la clase "es.deusto.spq.pojo.DirectMessage" en /es/deusto/package.jdo
16:11:34,389 (main) DEBUG [DataNucleus.MetaData] - No encontramos el MetaData del tipo "jdo" por la clase "es.deusto.spq.pojo.DirectMessage" en /es/deusto/spq/package.jdo
16:11:34,389 (main) DEBUG [DataNucleus.MetaData] - No encontramos el MetaData del tipo "jdo" por la clase "es.deusto.spq.pojo.DirectMessage" en /es/deusto/spq/pojo/package.jdo
16:11:34,389 (main) DEBUG [DataNucleus.MetaData] - No encontramos el MetaData del tipo "jdo" por la clase "es.deusto.spq.pojo.DirectMessage" en /es/deusto/spq/pojo/DirectMessage.jdo
16:11:34,389 (main) DEBUG [DataNucleus.MetaData] - No hemos encontrado el MetaData del tipo "jdo" por la clase "es.deusto.spq.pojo.DirectMessage"
16:11:34,389 (main) DEBUG [DataNucleus.MetaData] - Registrando la clase "es.deusto.spq.pojo.DirectMessage" no tener Meta-Data
16:11:34,389 (main) DEBUG [DataNucleus.MetaData] - La clase "es.deusto.spq.pojo.DirectMessage" no tiene MetaData o annotaciones.
16:11:34,390 (main) DEBUG [DataNucleus.MetaData] - No encontramos el MetaData del tipo "jdo" por la clase "es.deusto.spq.pojo.MessageData" en /META-INF/package.jdo
16:11:34,390 (main) DEBUG [DataNucleus.MetaData] - No encontramos el MetaData del tipo "jdo" por la clase "es.deusto.spq.pojo.MessageData" en /WEB-INF/package.jdo
16:11:34,390 (main) DEBUG [DataNucleus.MetaData] - No encontramos el MetaData del tipo "jdo" por la clase "es.deusto.spq.pojo.MessageData" en /package.jdo
16:11:34,390 (main) DEBUG [DataNucleus.MetaData] - No encontramos el MetaData del tipo "jdo" por la clase "es.deusto.spq.pojo.MessageData" en /es/package.jdo
16:11:34,391 (main) DEBUG [DataNucleus.MetaData] - No encontramos el MetaData del tipo "jdo" por la clase "es.deusto.spq.pojo.MessageData" en /es/deusto/package.jdo
16:11:34,391 (main) DEBUG [DataNucleus.MetaData] - No encontramos el MetaData del tipo "jdo" por la clase "es.deusto.spq.pojo.MessageData" en /es/deusto/spq/package.jdo
16:11:34,391 (main) DEBUG [DataNucleus.MetaData] - No encontramos el MetaData del tipo "jdo" por la clase "es.deusto.spq.pojo.MessageData" en /es/deusto/spq/pojo/package.jdo
16:11:34,391 (main) DEBUG [DataNucleus.MetaData] - No encontramos el MetaData del tipo "jdo" por la clase "es.deusto.spq.pojo.MessageData" en /es/deusto/spq/pojo/MessageData.jdo
16:11:34,391 (main) DEBUG [DataNucleus.MetaData] - No hemos encontrado el MetaData del tipo "jdo" por la clase "es.deusto.spq.pojo.MessageData"
16:11:34,391 (main) DEBUG [DataNucleus.MetaData] - Registrando la clase "es.deusto.spq.pojo.MessageData" no tener Meta-Data
16:11:34,391 (main) DEBUG [DataNucleus.MetaData] - La clase "es.deusto.spq.pojo.MessageData" no tiene MetaData o annotaciones.
16:11:34,392 (main) DEBUG [DataNucleus.MetaData] - No encontramos el MetaData del tipo "jdo" por la clase "es.deusto.spq.pojo.UserData" en /META-INF/package.jdo
16:11:34,392 (main) DEBUG [DataNucleus.MetaData] - No encontramos el MetaData del tipo "jdo" por la clase "es.deusto.spq.pojo.UserData" en /WEB-INF/package.jdo
16:11:34,392 (main) DEBUG [DataNucleus.MetaData] - No encontramos el MetaData del tipo "jdo" por la clase "es.deusto.spq.pojo.UserData" en /package.jdo
16:11:34,392 (main) DEBUG [DataNucleus.MetaData] - No encontramos el MetaData del tipo "jdo" por la clase "es.deusto.spq.pojo.UserData" en /es/package.jdo
16:11:34,392 (main) DEBUG [DataNucleus.MetaData] - No encontramos el MetaData del tipo "jdo" por la clase "es.deusto.spq.pojo.UserData" en /es/deusto/package.jdo
16:11:34,393 (main) DEBUG [DataNucleus.MetaData] - No encontramos el MetaData del tipo "jdo" por la clase "es.deusto.spq.pojo.UserData" en /es/deusto/spq/package.jdo
16:11:34,393 (main) DEBUG [DataNucleus.MetaData] - No encontramos el MetaData del tipo "jdo" por la clase "es.deusto.spq.pojo.UserData" en /es/deusto/spq/pojo/package.jdo
16:11:34,393 (main) DEBUG [DataNucleus.MetaData] - No encontramos el MetaData del tipo "jdo" por la clase "es.deusto.spq.pojo.UserData" en /es/deusto/spq/pojo/UserData.jdo
16:11:34,393 (main) DEBUG [DataNucleus.MetaData] - No hemos encontrado el MetaData del tipo "jdo" por la clase "es.deusto.spq.pojo.UserData"
16:11:34,393 (main) DEBUG [DataNucleus.MetaData] - Registrando la clase "es.deusto.spq.pojo.UserData" no tener Meta-Data
16:11:34,393 (main) DEBUG [DataNucleus.MetaData] - La clase "es.deusto.spq.pojo.UserData" no tiene MetaData o annotaciones.
16:11:34,406 (main) DEBUG [DataNucleus.MetaData] - Clase "es.deusto.spq.server.jdo.Message" tiene anotaciones de JDO y vamos a usarlas.
16:11:34,407 (main) DEBUG [DataNucleus.MetaData] - Clase "es.deusto.spq.server.jdo.User" tiene anotaciones de JDO y vamos a usarlas.
16:11:34,418 (main) DEBUG [DataNucleus.MetaData] - Clase "es.deusto.spq.server.Resource" tiene anotaciones pero no hay ningún AnnotationReader registrado para este tipo de anotaciones. Por favor compruebe el CLASSPATH y las anotaciones para validez.
16:11:34,419 (main) DEBUG [DataNucleus.MetaData] - No encontramos el MetaData del tipo "jdo" por la clase "es.deusto.spq.server.Resource" en /META-INF/package.jdo
16:11:34,419 (main) DEBUG [DataNucleus.MetaData] - No encontramos el MetaData del tipo "jdo" por la clase "es.deusto.spq.server.Resource" en /WEB-INF/package.jdo
16:11:34,419 (main) DEBUG [DataNucleus.MetaData] - No encontramos el MetaData del tipo "jdo" por la clase "es.deusto.spq.server.Resource" en /package.jdo
16:11:34,419 (main) DEBUG [DataNucleus.MetaData] - No encontramos el MetaData del tipo "jdo" por la clase "es.deusto.spq.server.Resource" en /es/package.jdo
16:11:34,419 (main) DEBUG [DataNucleus.MetaData] - No encontramos el MetaData del tipo "jdo" por la clase "es.deusto.spq.server.Resource" en /es/deusto/package.jdo
16:11:34,419 (main) DEBUG [DataNucleus.MetaData] - No encontramos el MetaData del tipo "jdo" por la clase "es.deusto.spq.server.Resource" en /es/deusto/spq/package.jdo
16:11:34,419 (main) DEBUG [DataNucleus.MetaData] - No encontramos el MetaData del tipo "jdo" por la clase "es.deusto.spq.server.Resource" en /es/deusto/spq/server/package.jdo
16:11:34,420 (main) DEBUG [DataNucleus.MetaData] - No encontramos el MetaData del tipo "jdo" por la clase "es.deusto.spq.server.Resource" en /es/deusto/spq/server/Resource.jdo
16:11:34,420 (main) DEBUG [DataNucleus.MetaData] - No hemos encontrado el MetaData del tipo "jdo" por la clase "es.deusto.spq.server.Resource"
16:11:34,420 (main) DEBUG [DataNucleus.MetaData] - Clase "es.deusto.spq.server.Resource" tiene anotaciones pero no hay ningún AnnotationReader registrado para este tipo de anotaciones. Por favor compruebe el CLASSPATH y las anotaciones para validez.
16:11:34,420 (main) DEBUG [DataNucleus.MetaData] - Registrando la clase "es.deusto.spq.server.Resource" no tener Meta-Data
16:11:34,420 (main) DEBUG [DataNucleus.MetaData] - La clase "es.deusto.spq.server.Resource" no tiene MetaData o annotaciones.
16:11:34,420 (main) DEBUG [DataNucleus.MetaData] - Populación del MetaData ...
16:11:34,420 (main) DEBUG [DataNucleus.MetaData] - Clase "es.deusto.spq.server.jdo.Message" : Populando Meta-Data
16:11:34,420 (main) DEBUG [DataNucleus.MetaData] - Clase "es.deusto.spq.server.jdo.Message" campo "user" : añadiendo el Meta-Data por el campo como no estaba en la definición de Meta-Data.
16:11:34,420 (main) DEBUG [DataNucleus.MetaData] - Clase "es.deusto.spq.server.jdo.Message" campo "text" : añadiendo el Meta-Data por el campo como no estaba en la definición de Meta-Data.
16:11:34,420 (main) DEBUG [DataNucleus.MetaData] - Clase "es.deusto.spq.server.jdo.Message" campo "timestamp" : añadiendo el Meta-Data por el campo como no estaba en la definición de Meta-Data.
16:11:34,421 (main) DEBUG [DataNucleus.MetaData] - Clase "es.deusto.spq.server.jdo.User" : Populando Meta-Data
16:11:34,421 (main) DEBUG [DataNucleus.MetaData] - Clase "es.deusto.spq.server.jdo.User" campo "password" : añadiendo el Meta-Data por el campo como no estaba en la definición de Meta-Data.
16:11:34,422 (main) DEBUG [DataNucleus.MetaData] - Inicialisación del MetaData ...
16:11:34,422 (main) DEBUG [DataNucleus.MetaData] - Clase "es.deusto.spq.server.jdo.Message" : Inicializando Meta-Data
16:11:34,422 (main) DEBUG [DataNucleus.MetaData] - Clase "es.deusto.spq.server.jdo.User" : Inicializando Meta-Data
16:11:34,422 (main) DEBUG [DataNucleus.MetaData] - MetaData Management : Carga de Metadata ya ha terminado
16:11:34,425 (main) DEBUG [DataNucleus.Enhancer] - Enhance de la clase "es.deusto.spq.server.jdo.Message" empezando ...
16:11:34,431 (main) DEBUG [DataNucleus.Enhancer] - La clase "es.deusto.spq.server.jdo.Message" no implementa el interfaz "org.datanucleus.enhancement.Persistable"!
16:11:34,432 (main) DEBUG [DataNucleus.Enhancer] - La clase "es.deusto.spq.server.jdo.Message" no tiene el campo "dnStateManager" pero lo necesita
16:11:34,432 (main) DEBUG [DataNucleus.Enhancer] - La clase "es.deusto.spq.server.jdo.Message" no tiene el campo "dnInheritedFieldCount" pero lo necesita
16:11:34,432 (main) DEBUG [DataNucleus.Enhancer] - La clase "es.deusto.spq.server.jdo.Message" no tiene el campo "dnFlags" pero lo necesita
16:11:34,432 (main) DEBUG [DataNucleus.Enhancer] - La clase "es.deusto.spq.server.jdo.Message" no tiene el campo "dnFieldNames" pero lo necesita
16:11:34,432 (main) DEBUG [DataNucleus.Enhancer] - La clase "es.deusto.spq.server.jdo.Message" no tiene el método "dnReplaceField" pero lo necesita
16:11:34,432 (main) DEBUG [DataNucleus.Enhancer] - La clase "es.deusto.spq.server.jdo.Message" no tiene el método "dnGetStateManager" pero lo necesita
16:11:34,432 (main) DEBUG [DataNucleus.Enhancer] - La clase "es.deusto.spq.server.jdo.Message" no tiene el método "dnIsTransactional" pero lo necesita
16:11:34,432 (main) DEBUG [DataNucleus.Enhancer] - La clase "es.deusto.spq.server.jdo.Message" no tiene el método "dnNewInstance" pero lo necesita
16:11:34,432 (main) DEBUG [DataNucleus.Enhancer] - La clase "es.deusto.spq.server.jdo.Message" no tiene el método "dnNewInstance" pero lo necesita
16:11:34,432 (main) DEBUG [DataNucleus.Enhancer] - La clase "es.deusto.spq.server.jdo.Message" no tiene el método "dnProvideFields" pero lo necesita
16:11:34,432 (main) DEBUG [DataNucleus.Enhancer] - La clase "es.deusto.spq.server.jdo.Message" no tiene el método "___dn$loadClass" pero lo necesita
16:11:34,432 (main) DEBUG [DataNucleus.Enhancer] - La clase "es.deusto.spq.server.jdo.Message" no tiene el método "dnGetManagedFieldCount" pero lo necesita
16:11:34,432 (main) DEBUG [DataNucleus.Enhancer] - La clase "es.deusto.spq.server.jdo.Message" no tiene el método "dnIsDirty" pero lo necesita
16:11:34,432 (main) DEBUG [DataNucleus.Enhancer] - La clase "es.deusto.spq.server.jdo.Message" no tiene el método "dnReplaceStateManager" pero lo necesita
16:11:34,432 (main) DEBUG [DataNucleus.Enhancer] - La clase "es.deusto.spq.server.jdo.Message" no tiene el método "dnReplaceFlags" pero lo necesita
16:11:34,432 (main) DEBUG [DataNucleus.Enhancer] - La clase "es.deusto.spq.server.jdo.Message" no tiene el método "dnIsDetached" pero lo necesita
16:11:34,432 (main) DEBUG [DataNucleus.Enhancer] - La clase "es.deusto.spq.server.jdo.Message" no tiene el método "dnMakeDirty" pero lo necesita
16:11:34,432 (main) DEBUG [DataNucleus.Enhancer] - La clase "es.deusto.spq.server.jdo.Message" no tiene el método "dnIsDeleted" pero lo necesita
16:11:34,432 (main) DEBUG [DataNucleus.Enhancer] - La clase "es.deusto.spq.server.jdo.Message" no tiene el método "dnProvideField" pero lo necesita
16:11:34,432 (main) DEBUG [DataNucleus.Enhancer] - La clase "es.deusto.spq.server.jdo.Message" no tiene el método "dnPreSerialize" pero lo necesita
16:11:34,432 (main) DEBUG [DataNucleus.Enhancer] - La clase "es.deusto.spq.server.jdo.Message" no tiene el método "dnGetObjectId" pero lo necesita
16:11:34,432 (main) DEBUG [DataNucleus.Enhancer] - La clase "es.deusto.spq.server.jdo.Message" no tiene el método "dnGetVersion" pero lo necesita
16:11:34,432 (main) DEBUG [DataNucleus.Enhancer] - La clase "es.deusto.spq.server.jdo.Message" no tiene el método "dnGetTransactionalObjectId" pero lo necesita
16:11:34,432 (main) DEBUG [DataNucleus.Enhancer] - La clase "es.deusto.spq.server.jdo.Message" no tiene el método "dnIsNew" pero lo necesita
16:11:34,432 (main) DEBUG [DataNucleus.Enhancer] - La clase "es.deusto.spq.server.jdo.Message" no tiene el método "dnCopyKeyFieldsToObjectId" pero lo necesita
16:11:34,432 (main) DEBUG [DataNucleus.Enhancer] - La clase "es.deusto.spq.server.jdo.Message" no tiene el método "dnCopyKeyFieldsToObjectId" pero lo necesita
16:11:34,433 (main) DEBUG [DataNucleus.Enhancer] - La clase "es.deusto.spq.server.jdo.Message" no tiene el método "dnCopyField" pero lo necesita
16:11:34,433 (main) DEBUG [DataNucleus.Enhancer] - La clase "es.deusto.spq.server.jdo.Message" no tiene el método "dnCopyKeyFieldsFromObjectId" pero lo necesita
16:11:34,433 (main) DEBUG [DataNucleus.Enhancer] - La clase "es.deusto.spq.server.jdo.Message" no tiene el método "dnCopyKeyFieldsFromObjectId" pero lo necesita
16:11:34,433 (main) DEBUG [DataNucleus.Enhancer] - La clase "es.deusto.spq.server.jdo.Message" no tiene el método "dnGetExecutionContext" pero lo necesita
16:11:34,433 (main) DEBUG [DataNucleus.Enhancer] - La clase "es.deusto.spq.server.jdo.Message" no tiene el método "dnCopyFields" pero lo necesita
16:11:34,433 (main) DEBUG [DataNucleus.Enhancer] - La clase "es.deusto.spq.server.jdo.Message" no tiene el método "__dnGetInheritedFieldCount" pero lo necesita
16:11:34,433 (main) DEBUG [DataNucleus.Enhancer] - La clase "es.deusto.spq.server.jdo.Message" no tiene el método "dnNewObjectIdInstance" pero lo necesita
16:11:34,433 (main) DEBUG [DataNucleus.Enhancer] - La clase "es.deusto.spq.server.jdo.Message" no tiene el método "dnNewObjectIdInstance" pero lo necesita
16:11:34,433 (main) DEBUG [DataNucleus.Enhancer] - La clase "es.deusto.spq.server.jdo.Message" no tiene el método "dnIsPersistent" pero lo necesita
16:11:34,433 (main) DEBUG [DataNucleus.Enhancer] - La clase "es.deusto.spq.server.jdo.Message" no tiene el método "dnReplaceFields" pero lo necesita
16:11:34,433 (main) DEBUG [DataNucleus.Enhancer] - La clase "es.deusto.spq.server.jdo.Message" no tiene el método "__dnFieldNamesInit" pero lo necesita
16:11:34,438 (main) DEBUG [DataNucleus.Enhancer] - Agregando el interfaz: org.datanucleus.enhancement.Persistable
16:11:34,440 (main) DEBUG [DataNucleus.Enhancer] - Enhancing método original es.deusto.spq.server.jdo.Message.<init> : ignorando enhance de set del campo "es.deusto.spq.server.jdo.Message.user"
16:11:34,440 (main) DEBUG [DataNucleus.Enhancer] - Enhancing método original es.deusto.spq.server.jdo.Message.<init> : ignorando enhance de set del campo "es.deusto.spq.server.jdo.Message.text"
16:11:34,440 (main) DEBUG [DataNucleus.Enhancer] - Enhancing método original es.deusto.spq.server.jdo.Message.<init> : ignorando enhance de set del campo "es.deusto.spq.server.jdo.Message.text"
16:11:34,440 (main) DEBUG [DataNucleus.Enhancer] - Enhancing método original es.deusto.spq.server.jdo.Message.<init> : ignorando enhance de set del campo "es.deusto.spq.server.jdo.Message.timestamp"
16:11:34,441 (main) DEBUG [DataNucleus.Enhancer] - Enhancing método original es.deusto.spq.server.jdo.Message.getUser, cambiando el uso del campo "es.deusto.spq.server.jdo.Message.user" para utilizar "dnGetuser()"
16:11:34,442 (main) DEBUG [DataNucleus.Enhancer] - Enhancing método original es.deusto.spq.server.jdo.Message.setUser, cambiando el uso del campo "es.deusto.spq.server.jdo.Message.user" para utilizar "dnSetuser()"
16:11:34,442 (main) DEBUG [DataNucleus.Enhancer] - Enhancing método original es.deusto.spq.server.jdo.Message.toString, cambiando el uso del campo "es.deusto.spq.server.jdo.Message.text" para utilizar "dnGettext()"
16:11:34,442 (main) DEBUG [DataNucleus.Enhancer] - Enhancing método original es.deusto.spq.server.jdo.Message.toString, cambiando el uso del campo "es.deusto.spq.server.jdo.Message.timestamp" para utilizar "dnGettimestamp()"
16:11:34,442 (main) DEBUG [DataNucleus.Enhancer] - Agregando el campo "org.datanucleus.enhancement.StateManager dnStateManager"
16:11:34,442 (main) DEBUG [DataNucleus.Enhancer] - Agregando el campo "byte dnFlags"
16:11:34,442 (main) DEBUG [DataNucleus.Enhancer] - Agregando el campo "[Ljava.lang.String; dnFieldNames"
16:11:34,442 (main) DEBUG [DataNucleus.Enhancer] - Agregando el campo "int dnInheritedFieldCount"
16:11:34,442 (main) DEBUG [DataNucleus.Enhancer] - Agregando el método "void <clinit>()"
16:11:34,443 (main) DEBUG [DataNucleus.Enhancer] - Agregando el constructor "es.deusto.spq.server.jdo.Message()"
16:11:34,443 (main) DEBUG [DataNucleus.Enhancer] - Agregando el método "void dnCopyKeyFieldsFromObjectId(org.datanucleus.enhancement.Persistable$ObjectIdFieldConsumer fc, java.lang.Object oid)"
16:11:34,443 (main) DEBUG [DataNucleus.Enhancer] - Agregando el método "void dnCopyKeyFieldsFromObjectId(java.lang.Object oid)"
16:11:34,443 (main) DEBUG [DataNucleus.Enhancer] - Agregando el método "void dnCopyKeyFieldsToObjectId(java.lang.Object oid)"
16:11:34,443 (main) DEBUG [DataNucleus.Enhancer] - Agregando el método "void dnCopyKeyFieldsToObjectId(org.datanucleus.enhancement.Persistable$ObjectIdFieldSupplier fs, java.lang.Object oid)"
16:11:34,444 (main) DEBUG [DataNucleus.Enhancer] - Agregando el método "java.lang.Object dnGetObjectId()"
16:11:34,444 (main) DEBUG [DataNucleus.Enhancer] - Agregando el método "java.lang.Object dnGetVersion()"
16:11:34,444 (main) DEBUG [DataNucleus.Enhancer] - Agregando el método "void dnPreSerialize()"
16:11:34,444 (main) DEBUG [DataNucleus.Enhancer] - Agregando el método "org.datanucleus.enhancement.ExecutionContextReference dnGetExecutionContext()"
16:11:34,444 (main) DEBUG [DataNucleus.Enhancer] - Agregando el método "org.datanucleus.enhancement.StateManager dnGetStateManager()"
16:11:34,445 (main) DEBUG [DataNucleus.Enhancer] - Agregando el método "java.lang.Object dnGetTransactionalObjectId()"
16:11:34,445 (main) DEBUG [DataNucleus.Enhancer] - Agregando el método "boolean dnIsDeleted()"
16:11:34,445 (main) DEBUG [DataNucleus.Enhancer] - Agregando el método "boolean dnIsDirty()"
16:11:34,445 (main) DEBUG [DataNucleus.Enhancer] - Agregando el método "boolean dnIsNew()"
16:11:34,445 (main) DEBUG [DataNucleus.Enhancer] - Agregando el método "boolean dnIsPersistent()"
16:11:34,445 (main) DEBUG [DataNucleus.Enhancer] - Agregando el método "boolean dnIsTransactional()"
16:11:34,445 (main) DEBUG [DataNucleus.Enhancer] - Agregando el método "void dnMakeDirty(java.lang.String fieldName)"
16:11:34,446 (main) DEBUG [DataNucleus.Enhancer] - Agregando el método "java.lang.Object dnNewObjectIdInstance()"
16:11:34,446 (main) DEBUG [DataNucleus.Enhancer] - Agregando el método "java.lang.Object dnNewObjectIdInstance(java.lang.Object key)"
16:11:34,446 (main) DEBUG [DataNucleus.Enhancer] - Agregando el método "void dnProvideFields([I indices)"
16:11:34,446 (main) DEBUG [DataNucleus.Enhancer] - Agregando el método "void dnReplaceFields([I indices)"
16:11:34,446 (main) DEBUG [DataNucleus.Enhancer] - Agregando el método "void dnReplaceFlags()"
16:11:34,446 (main) DEBUG [DataNucleus.Enhancer] - Agregando el método "void dnReplaceStateManager(org.datanucleus.enhancement.StateManager sm)"
16:11:34,446 (main) DEBUG [DataNucleus.Enhancer] - Agregando el método "boolean dnIsDetached()"
16:11:34,446 (main) DEBUG [DataNucleus.Enhancer] - Agregando el método "org.datanucleus.enhancement.Persistable dnNewInstance(org.datanucleus.enhancement.StateManager sm)"
16:11:34,447 (main) DEBUG [DataNucleus.Enhancer] - Agregando el método "org.datanucleus.enhancement.Persistable dnNewInstance(org.datanucleus.enhancement.StateManager sm, java.lang.Object obj)"
16:11:34,447 (main) DEBUG [DataNucleus.Enhancer] - Agregando el método "void dnReplaceField(int index)"
16:11:34,447 (main) DEBUG [DataNucleus.Enhancer] - Agregando el método "void dnProvideField(int index)"
16:11:34,447 (main) DEBUG [DataNucleus.Enhancer] - Agregando el método "void dnCopyField(es.deusto.spq.server.jdo.Message obj, int index)"
16:11:34,448 (main) DEBUG [DataNucleus.Enhancer] - Agregando el método "void dnCopyFields(java.lang.Object obj, [I indices)"
16:11:34,448 (main) DEBUG [DataNucleus.Enhancer] - Agregando el método "[Ljava.lang.String; __dnFieldNamesInit()"
16:11:34,448 (main) DEBUG [DataNucleus.Enhancer] - Agregando el método "int __dnGetInheritedFieldCount()"
16:11:34,448 (main) DEBUG [DataNucleus.Enhancer] - Agregando el método "int dnGetManagedFieldCount()"
16:11:34,448 (main) DEBUG [DataNucleus.Enhancer] - Agregando el método "java.lang.Class ___dn$loadClass(java.lang.String className)"
16:11:34,448 (main) DEBUG [DataNucleus.Enhancer] - Agregando el método "java.lang.String dnGettext(es.deusto.spq.server.jdo.Message objPC)"
16:11:34,449 (main) DEBUG [DataNucleus.Enhancer] - Agregando el método "void dnSettext(es.deusto.spq.server.jdo.Message objPC, java.lang.String val)"
16:11:34,449 (main) DEBUG [DataNucleus.Enhancer] - Agregando el método "long dnGettimestamp(es.deusto.spq.server.jdo.Message objPC)"
16:11:34,449 (main) DEBUG [DataNucleus.Enhancer] - Agregando el método "void dnSettimestamp(es.deusto.spq.server.jdo.Message objPC, long val)"
16:11:34,449 (main) DEBUG [DataNucleus.Enhancer] - Agregando el método "es.deusto.spq.server.jdo.User dnGetuser(es.deusto.spq.server.jdo.Message objPC)"
16:11:34,450 (main) DEBUG [DataNucleus.Enhancer] - Agregando el método "void dnSetuser(es.deusto.spq.server.jdo.Message objPC, es.deusto.spq.server.jdo.User val)"
16:11:34,450 (main) INFO  [DataNucleus.Enhancer] - Escribiendo el archivo de clase "C:\Users\erlan\Desktop\aeropuertog3\target\classes\es\deusto\spq\server\jdo\Message.class" con definición enhanced
16:11:34,450 (main) INFO  [DataNucleus.Enhancer] - ENHANCED (Persistable) : es.deusto.spq.server.jdo.Message
16:11:34,450 (main) DEBUG [DataNucleus.Enhancer] - Enhance de la clase "es.deusto.spq.server.jdo.Message" ha terminado
16:11:34,450 (main) DEBUG [DataNucleus.Enhancer] - Enhance de la clase "es.deusto.spq.server.jdo.User" empezando ...
16:11:34,451 (main) DEBUG [DataNucleus.Enhancer] - La clase "es.deusto.spq.server.jdo.User" no implementa el interfaz "org.datanucleus.enhancement.Persistable"!
16:11:34,451 (main) DEBUG [DataNucleus.Enhancer] - La clase "es.deusto.spq.server.jdo.User" no tiene el campo "dnStateManager" pero lo necesita
16:11:34,451 (main) DEBUG [DataNucleus.Enhancer] - La clase "es.deusto.spq.server.jdo.User" no tiene el campo "dnInheritedFieldCount" pero lo necesita
16:11:34,451 (main) DEBUG [DataNucleus.Enhancer] - La clase "es.deusto.spq.server.jdo.User" no tiene el campo "dnFlags" pero lo necesita
16:11:34,451 (main) DEBUG [DataNucleus.Enhancer] - La clase "es.deusto.spq.server.jdo.User" no tiene el campo "dnFieldNames" pero lo necesita
16:11:34,451 (main) DEBUG [DataNucleus.Enhancer] - La clase "es.deusto.spq.server.jdo.User" no tiene el método "dnReplaceField" pero lo necesita
16:11:34,451 (main) DEBUG [DataNucleus.Enhancer] - La clase "es.deusto.spq.server.jdo.User" no tiene el método "dnGetStateManager" pero lo necesita
16:11:34,451 (main) DEBUG [DataNucleus.Enhancer] - La clase "es.deusto.spq.server.jdo.User" no tiene el método "dnIsTransactional" pero lo necesita
16:11:34,451 (main) DEBUG [DataNucleus.Enhancer] - La clase "es.deusto.spq.server.jdo.User" no tiene el método "dnNewInstance" pero lo necesita
16:11:34,451 (main) DEBUG [DataNucleus.Enhancer] - La clase "es.deusto.spq.server.jdo.User" no tiene el método "dnNewInstance" pero lo necesita
16:11:34,451 (main) DEBUG [DataNucleus.Enhancer] - La clase "es.deusto.spq.server.jdo.User" no tiene el método "dnProvideFields" pero lo necesita
16:11:34,451 (main) DEBUG [DataNucleus.Enhancer] - La clase "es.deusto.spq.server.jdo.User" no tiene el método "___dn$loadClass" pero lo necesita
16:11:34,451 (main) DEBUG [DataNucleus.Enhancer] - La clase "es.deusto.spq.server.jdo.User" no tiene el método "dnGetManagedFieldCount" pero lo necesita
16:11:34,451 (main) DEBUG [DataNucleus.Enhancer] - La clase "es.deusto.spq.server.jdo.User" no tiene el método "dnIsDirty" pero lo necesita
16:11:34,451 (main) DEBUG [DataNucleus.Enhancer] - La clase "es.deusto.spq.server.jdo.User" no tiene el método "dnReplaceStateManager" pero lo necesita
16:11:34,451 (main) DEBUG [DataNucleus.Enhancer] - La clase "es.deusto.spq.server.jdo.User" no tiene el método "dnReplaceFlags" pero lo necesita
16:11:34,451 (main) DEBUG [DataNucleus.Enhancer] - La clase "es.deusto.spq.server.jdo.User" no tiene el método "dnIsDetached" pero lo necesita
16:11:34,451 (main) DEBUG [DataNucleus.Enhancer] - La clase "es.deusto.spq.server.jdo.User" no tiene el método "dnMakeDirty" pero lo necesita
16:11:34,451 (main) DEBUG [DataNucleus.Enhancer] - La clase "es.deusto.spq.server.jdo.User" no tiene el método "dnIsDeleted" pero lo necesita
16:11:34,451 (main) DEBUG [DataNucleus.Enhancer] - La clase "es.deusto.spq.server.jdo.User" no tiene el método "dnProvideField" pero lo necesita
16:11:34,451 (main) DEBUG [DataNucleus.Enhancer] - La clase "es.deusto.spq.server.jdo.User" no tiene el método "dnPreSerialize" pero lo necesita
16:11:34,451 (main) DEBUG [DataNucleus.Enhancer] - La clase "es.deusto.spq.server.jdo.User" no tiene el método "dnGetObjectId" pero lo necesita
16:11:34,451 (main) DEBUG [DataNucleus.Enhancer] - La clase "es.deusto.spq.server.jdo.User" no tiene el método "dnGetVersion" pero lo necesita
16:11:34,451 (main) DEBUG [DataNucleus.Enhancer] - La clase "es.deusto.spq.server.jdo.User" no tiene el método "dnGetTransactionalObjectId" pero lo necesita
16:11:34,451 (main) DEBUG [DataNucleus.Enhancer] - La clase "es.deusto.spq.server.jdo.User" no tiene el método "dnIsNew" pero lo necesita
16:11:34,451 (main) DEBUG [DataNucleus.Enhancer] - La clase "es.deusto.spq.server.jdo.User" no tiene el método "dnCopyKeyFieldsToObjectId" pero lo necesita
16:11:34,451 (main) DEBUG [DataNucleus.Enhancer] - La clase "es.deusto.spq.server.jdo.User" no tiene el método "dnCopyKeyFieldsToObjectId" pero lo necesita
16:11:34,452 (main) DEBUG [DataNucleus.Enhancer] - La clase "es.deusto.spq.server.jdo.User" no tiene el método "dnCopyField" pero lo necesita
16:11:34,452 (main) DEBUG [DataNucleus.Enhancer] - La clase "es.deusto.spq.server.jdo.User" no tiene el método "dnCopyKeyFieldsFromObjectId" pero lo necesita
16:11:34,452 (main) DEBUG [DataNucleus.Enhancer] - La clase "es.deusto.spq.server.jdo.User" no tiene el método "dnCopyKeyFieldsFromObjectId" pero lo necesita
16:11:34,452 (main) DEBUG [DataNucleus.Enhancer] - La clase "es.deusto.spq.server.jdo.User" no tiene el método "dnGetExecutionContext" pero lo necesita
16:11:34,452 (main) DEBUG [DataNucleus.Enhancer] - La clase "es.deusto.spq.server.jdo.User" no tiene el método "dnCopyFields" pero lo necesita
16:11:34,452 (main) DEBUG [DataNucleus.Enhancer] - La clase "es.deusto.spq.server.jdo.User" no tiene el método "__dnGetInheritedFieldCount" pero lo necesita
16:11:34,452 (main) DEBUG [DataNucleus.Enhancer] - La clase "es.deusto.spq.server.jdo.User" no tiene el método "dnNewObjectIdInstance" pero lo necesita
16:11:34,452 (main) DEBUG [DataNucleus.Enhancer] - La clase "es.deusto.spq.server.jdo.User" no tiene el método "dnNewObjectIdInstance" pero lo necesita
16:11:34,452 (main) DEBUG [DataNucleus.Enhancer] - La clase "es.deusto.spq.server.jdo.User" no tiene el método "dnIsPersistent" pero lo necesita
16:11:34,452 (main) DEBUG [DataNucleus.Enhancer] - La clase "es.deusto.spq.server.jdo.User" no tiene el método "dnReplaceFields" pero lo necesita
16:11:34,452 (main) DEBUG [DataNucleus.Enhancer] - La clase "es.deusto.spq.server.jdo.User" no tiene el método "__dnFieldNamesInit" pero lo necesita
16:11:34,452 (main) DEBUG [DataNucleus.Enhancer] - Agregando el interfaz: org.datanucleus.enhancement.Persistable
16:11:34,452 (main) DEBUG [DataNucleus.Enhancer] - Enhancing método original es.deusto.spq.server.jdo.User.<init> : ignorando enhance de set del campo "es.deusto.spq.server.jdo.User.login"
16:11:34,452 (main) DEBUG [DataNucleus.Enhancer] - Enhancing método original es.deusto.spq.server.jdo.User.<init> : ignorando enhance de set del campo "es.deusto.spq.server.jdo.User.password"
16:11:34,452 (main) DEBUG [DataNucleus.Enhancer] - Enhancing método original es.deusto.spq.server.jdo.User.<init> : ignorando enhance de set del campo "es.deusto.spq.server.jdo.User.messages"
16:11:34,452 (main) DEBUG [DataNucleus.Enhancer] - Enhancing método original es.deusto.spq.server.jdo.User.<init> : ignorando enhance de set del campo "es.deusto.spq.server.jdo.User.login"
16:11:34,452 (main) DEBUG [DataNucleus.Enhancer] - Enhancing método original es.deusto.spq.server.jdo.User.<init> : ignorando enhance de set del campo "es.deusto.spq.server.jdo.User.password"
16:11:34,452 (main) DEBUG [DataNucleus.Enhancer] - Enhancing método original es.deusto.spq.server.jdo.User.addMessage, cambiando el uso del campo "es.deusto.spq.server.jdo.User.messages" para utilizar "dnGetmessages()"
16:11:34,453 (main) DEBUG [DataNucleus.Enhancer] - Enhancing método original es.deusto.spq.server.jdo.User.removeMessage, cambiando el uso del campo "es.deusto.spq.server.jdo.User.messages" para utilizar "dnGetmessages()"
16:11:34,453 (main) DEBUG [DataNucleus.Enhancer] - Enhancing método original es.deusto.spq.server.jdo.User.getLogin, cambiando el uso del campo "es.deusto.spq.server.jdo.User.login" para utilizar "dnGetlogin()"
16:11:34,453 (main) DEBUG [DataNucleus.Enhancer] - Enhancing método original es.deusto.spq.server.jdo.User.getPassword, cambiando el uso del campo "es.deusto.spq.server.jdo.User.password" para utilizar "dnGetpassword()"
16:11:34,453 (main) DEBUG [DataNucleus.Enhancer] - Enhancing método original es.deusto.spq.server.jdo.User.setPassword, cambiando el uso del campo "es.deusto.spq.server.jdo.User.password" para utilizar "dnSetpassword()"
16:11:34,453 (main) DEBUG [DataNucleus.Enhancer] - Enhancing método original es.deusto.spq.server.jdo.User.getMessages, cambiando el uso del campo "es.deusto.spq.server.jdo.User.messages" para utilizar "dnGetmessages()"
16:11:34,453 (main) DEBUG [DataNucleus.Enhancer] - Enhancing método original es.deusto.spq.server.jdo.User.toString, cambiando el uso del campo "es.deusto.spq.server.jdo.User.messages" para utilizar "dnGetmessages()"
16:11:34,453 (main) DEBUG [DataNucleus.Enhancer] - Enhancing método original es.deusto.spq.server.jdo.User.toString, cambiando el uso del campo "es.deusto.spq.server.jdo.User.login" para utilizar "dnGetlogin()"
16:11:34,454 (main) DEBUG [DataNucleus.Enhancer] - Enhancing método original es.deusto.spq.server.jdo.User.toString, cambiando el uso del campo "es.deusto.spq.server.jdo.User.password" para utilizar "dnGetpassword()"
16:11:34,454 (main) DEBUG [DataNucleus.Enhancer] - Agregando el campo "org.datanucleus.enhancement.StateManager dnStateManager"
16:11:34,454 (main) DEBUG [DataNucleus.Enhancer] - Agregando el campo "byte dnFlags"
16:11:34,454 (main) DEBUG [DataNucleus.Enhancer] - Agregando el campo "[Ljava.lang.String; dnFieldNames"
16:11:34,454 (main) DEBUG [DataNucleus.Enhancer] - Agregando el campo "int dnInheritedFieldCount"
16:11:34,454 (main) DEBUG [DataNucleus.Enhancer] - Agregando el método "void <clinit>()"
16:11:34,454 (main) DEBUG [DataNucleus.Enhancer] - Agregando el constructor "es.deusto.spq.server.jdo.User()"
16:11:34,454 (main) DEBUG [DataNucleus.Enhancer] - Agregando el método "void dnCopyKeyFieldsFromObjectId(org.datanucleus.enhancement.Persistable$ObjectIdFieldConsumer fc, java.lang.Object oid)"
16:11:34,454 (main) DEBUG [DataNucleus.Enhancer] - Agregando el método "void dnCopyKeyFieldsFromObjectId(java.lang.Object oid)"
16:11:34,454 (main) DEBUG [DataNucleus.Enhancer] - Agregando el método "void dnCopyKeyFieldsToObjectId(java.lang.Object oid)"
16:11:34,454 (main) DEBUG [DataNucleus.Enhancer] - Agregando el método "void dnCopyKeyFieldsToObjectId(org.datanucleus.enhancement.Persistable$ObjectIdFieldSupplier fs, java.lang.Object oid)"
16:11:34,454 (main) DEBUG [DataNucleus.Enhancer] - Agregando el método "java.lang.Object dnGetObjectId()"
16:11:34,454 (main) DEBUG [DataNucleus.Enhancer] - Agregando el método "java.lang.Object dnGetVersion()"
16:11:34,455 (main) DEBUG [DataNucleus.Enhancer] - Agregando el método "void dnPreSerialize()"
16:11:34,455 (main) DEBUG [DataNucleus.Enhancer] - Agregando el método "org.datanucleus.enhancement.ExecutionContextReference dnGetExecutionContext()"
16:11:34,455 (main) DEBUG [DataNucleus.Enhancer] - Agregando el método "org.datanucleus.enhancement.StateManager dnGetStateManager()"
16:11:34,455 (main) DEBUG [DataNucleus.Enhancer] - Agregando el método "java.lang.Object dnGetTransactionalObjectId()"
16:11:34,455 (main) DEBUG [DataNucleus.Enhancer] - Agregando el método "boolean dnIsDeleted()"
16:11:34,455 (main) DEBUG [DataNucleus.Enhancer] - Agregando el método "boolean dnIsDirty()"
16:11:34,455 (main) DEBUG [DataNucleus.Enhancer] - Agregando el método "boolean dnIsNew()"
16:11:34,455 (main) DEBUG [DataNucleus.Enhancer] - Agregando el método "boolean dnIsPersistent()"
16:11:34,455 (main) DEBUG [DataNucleus.Enhancer] - Agregando el método "boolean dnIsTransactional()"
16:11:34,455 (main) DEBUG [DataNucleus.Enhancer] - Agregando el método "void dnMakeDirty(java.lang.String fieldName)"
16:11:34,455 (main) DEBUG [DataNucleus.Enhancer] - Agregando el método "java.lang.Object dnNewObjectIdInstance()"
16:11:34,455 (main) DEBUG [DataNucleus.Enhancer] - Agregando el método "java.lang.Object dnNewObjectIdInstance(java.lang.Object key)"
16:11:34,455 (main) DEBUG [DataNucleus.Enhancer] - Agregando el método "void dnProvideFields([I indices)"
16:11:34,455 (main) DEBUG [DataNucleus.Enhancer] - Agregando el método "void dnReplaceFields([I indices)"
16:11:34,455 (main) DEBUG [DataNucleus.Enhancer] - Agregando el método "void dnReplaceFlags()"
16:11:34,455 (main) DEBUG [DataNucleus.Enhancer] - Agregando el método "void dnReplaceStateManager(org.datanucleus.enhancement.StateManager sm)"
16:11:34,455 (main) DEBUG [DataNucleus.Enhancer] - Agregando el método "boolean dnIsDetached()"
16:11:34,455 (main) DEBUG [DataNucleus.Enhancer] - Agregando el método "org.datanucleus.enhancement.Persistable dnNewInstance(org.datanucleus.enhancement.StateManager sm)"
16:11:34,455 (main) DEBUG [DataNucleus.Enhancer] - Agregando el método "org.datanucleus.enhancement.Persistable dnNewInstance(org.datanucleus.enhancement.StateManager sm, java.lang.Object obj)"
16:11:34,455 (main) DEBUG [DataNucleus.Enhancer] - Agregando el método "void dnReplaceField(int index)"
16:11:34,456 (main) DEBUG [DataNucleus.Enhancer] - Agregando el método "void dnProvideField(int index)"
16:11:34,456 (main) DEBUG [DataNucleus.Enhancer] - Agregando el método "void dnCopyField(es.deusto.spq.server.jdo.User obj, int index)"
16:11:34,456 (main) DEBUG [DataNucleus.Enhancer] - Agregando el método "void dnCopyFields(java.lang.Object obj, [I indices)"
16:11:34,456 (main) DEBUG [DataNucleus.Enhancer] - Agregando el método "[Ljava.lang.String; __dnFieldNamesInit()"
16:11:34,456 (main) DEBUG [DataNucleus.Enhancer] - Agregando el método "int __dnGetInheritedFieldCount()"
16:11:34,456 (main) DEBUG [DataNucleus.Enhancer] - Agregando el método "int dnGetManagedFieldCount()"
16:11:34,456 (main) DEBUG [DataNucleus.Enhancer] - Agregando el método "java.lang.Class ___dn$loadClass(java.lang.String className)"
16:11:34,456 (main) DEBUG [DataNucleus.Enhancer] - Agregando el método "java.lang.String dnGetlogin(es.deusto.spq.server.jdo.User objPC)"
16:11:34,456 (main) DEBUG [DataNucleus.Enhancer] - Agregando el método "void dnSetlogin(es.deusto.spq.server.jdo.User objPC, java.lang.String val)"
16:11:34,456 (main) DEBUG [DataNucleus.Enhancer] - Agregando el método "java.util.Set dnGetmessages(es.deusto.spq.server.jdo.User objPC)"
16:11:34,456 (main) DEBUG [DataNucleus.Enhancer] - Agregando el método "void dnSetmessages(es.deusto.spq.server.jdo.User objPC, java.util.Set val)"
16:11:34,456 (main) DEBUG [DataNucleus.Enhancer] - Agregando el método "java.lang.String dnGetpassword(es.deusto.spq.server.jdo.User objPC)"
16:11:34,456 (main) DEBUG [DataNucleus.Enhancer] - Agregando el método "void dnSetpassword(es.deusto.spq.server.jdo.User objPC, java.lang.String val)"
16:11:34,456 (main) INFO  [DataNucleus.Enhancer] - Escribiendo el archivo de clase "C:\Users\erlan\Desktop\aeropuertog3\target\classes\es\deusto\spq\server\jdo\User.class" con definición enhanced
16:11:34,457 (main) INFO  [DataNucleus.Enhancer] - ENHANCED (Persistable) : es.deusto.spq.server.jdo.User
16:11:34,457 (main) DEBUG [DataNucleus.Enhancer] - Enhance de la clase "es.deusto.spq.server.jdo.User" ha terminado
16:11:34,458 (main) INFO  [DataNucleus.Enhancer] - DataNucleus Enhancer ha terminado con exito para 2 clases. Tiempos : input=43 ms, enhance=35 ms, total=78 ms. Compruebe el LOG para los detalles
